<?xml version="1.0" encoding="UTF-8"?>
<!-- Generated by org.testng.reporters.JUnitReportReporter -->
<testsuite hostname="DESKTOP-LVM8MUI" failures="0" tests="1" name="test.LoginTest" time="5.599" errors="0" timestamp="2022-05-20T15:22:11 PDT" skipped="0">
  <testcase classname="test.LoginTest" name="validUserShouldBeAbletoLogin" time="5.599"/>
  <system-out/>
</testsuite> <!-- test.LoginTest -->
