<?xml version="1.0" encoding="UTF-8"?>
<!-- Generated by org.testng.reporters.JUnitReportReporter -->
<testsuite hostname="DESKTOP-LVM8MUI" failures="0" tests="1" name="test.AddContactTest" time="8.492" errors="0" timestamp="2022-05-23T15:44:16 PDT" skipped="0">
  <testcase classname="test.AddContactTest" name="validUserShouldBeAbletoLogin" time="8.492"/>
  <system-out/>
</testsuite> <!-- test.AddContactTest -->
